TpTrace Verbose: 0 : 6316, 1, 2021/11/12, 20:30:35.800, 123167500243, vstest.console.dll, Version: 16.9.1
TpTrace Information: 0 : 6316, 1, 2021/11/12, 20:30:35.813, 123167608018, vstest.console.dll, FilePatternParser: The given file C:\Users\Lucas Zoglmann\Documents\GitHub\CS-478\team4Chess\uiTesting\bin\Debug\netcoreapp3.1\fine-code-coverage\build-output\uiTesting.dll is a full path.
TpTrace Verbose: 0 : 6316, 1, 2021/11/12, 20:30:35.821, 123167689282, vstest.console.dll, TestPluginCache.DiscoverTestExtensions: finding test extensions in assemblies ends with: RuntimeProvider.dll TPluginInfo: Microsoft.VisualStudio.TestPlatform.Common.ExtensionFramework.Utilities.TestRuntimePluginInformation TExtension: Microsoft.VisualStudio.TestPlatform.ObjectModel.Host.ITestRuntimeProvider
TpTrace Verbose: 0 : 6316, 1, 2021/11/12, 20:30:35.823, 123167706484, vstest.console.dll, TestPluginCache.GetExtensionPaths: Filtered extension paths: 
TpTrace Verbose: 0 : 6316, 1, 2021/11/12, 20:30:35.823, 123167707871, vstest.console.dll, TestPluginCache.GetExtensionPaths: Added default extension paths: C:\Program Files\dotnet\sdk\5.0.201\Extensions\Microsoft.Diagnostics.NETCore.Client.dll
C:\Program Files\dotnet\sdk\5.0.201\Extensions\Microsoft.TestPlatform.Extensions.BlameDataCollector.dll
C:\Program Files\dotnet\sdk\5.0.201\Extensions\Microsoft.TestPlatform.Extensions.EventLogCollector.dll
C:\Program Files\dotnet\sdk\5.0.201\Extensions\Microsoft.TestPlatform.TestHostRuntimeProvider.dll
C:\Program Files\dotnet\sdk\5.0.201\Extensions\Microsoft.VisualStudio.TestPlatform.Extensions.Html.TestLogger.dll
C:\Program Files\dotnet\sdk\5.0.201\Extensions\Microsoft.VisualStudio.TestPlatform.Extensions.Trx.TestLogger.dll
TpTrace Verbose: 0 : 6316, 1, 2021/11/12, 20:30:35.823, 123167708612, vstest.console.dll, TestPluginCache.GetExtensionPaths: Added unfilterableExtensionPaths: 
TpTrace Information: 0 : 6316, 1, 2021/11/12, 20:30:35.824, 123167719147, vstest.console.dll, AssemblyResolver.ctor: Creating AssemblyResolver with searchDirectories C:\Program Files\dotnet\sdk\5.0.201\Extensions,C:\Program Files\dotnet\sdk\5.0.201
TpTrace Verbose: 0 : 6316, 1, 2021/11/12, 20:30:35.826, 123167742564, vstest.console.dll, TestPluginCache.DiscoverTestExtensions: Discovering the extensions using extension path.
TpTrace Verbose: 0 : 6316, 1, 2021/11/12, 20:30:35.827, 123167745527, vstest.console.dll, TestPluginCache.GetExtensionPaths: Filtered extension paths: 
TpTrace Verbose: 0 : 6316, 1, 2021/11/12, 20:30:35.827, 123167746321, vstest.console.dll, TestPluginCache.GetExtensionPaths: Added default extension paths: C:\Program Files\dotnet\sdk\5.0.201\Extensions\Microsoft.Diagnostics.NETCore.Client.dll
C:\Program Files\dotnet\sdk\5.0.201\Extensions\Microsoft.TestPlatform.Extensions.BlameDataCollector.dll
C:\Program Files\dotnet\sdk\5.0.201\Extensions\Microsoft.TestPlatform.Extensions.EventLogCollector.dll
C:\Program Files\dotnet\sdk\5.0.201\Extensions\Microsoft.TestPlatform.TestHostRuntimeProvider.dll
C:\Program Files\dotnet\sdk\5.0.201\Extensions\Microsoft.VisualStudio.TestPlatform.Extensions.Html.TestLogger.dll
C:\Program Files\dotnet\sdk\5.0.201\Extensions\Microsoft.VisualStudio.TestPlatform.Extensions.Trx.TestLogger.dll
TpTrace Verbose: 0 : 6316, 1, 2021/11/12, 20:30:35.827, 123167746991, vstest.console.dll, TestPluginCache.GetExtensionPaths: Added unfilterableExtensionPaths: 
TpTrace Verbose: 0 : 6316, 1, 2021/11/12, 20:30:35.827, 123167747836, vstest.console.dll, TestPluginCache.DiscoverTestExtensions: Discovering the extensions using allExtensionPaths: C:\Program Files\dotnet\sdk\5.0.201\Extensions\Microsoft.Diagnostics.NETCore.Client.dll
C:\Program Files\dotnet\sdk\5.0.201\Extensions\Microsoft.TestPlatform.Extensions.BlameDataCollector.dll
C:\Program Files\dotnet\sdk\5.0.201\Extensions\Microsoft.TestPlatform.Extensions.EventLogCollector.dll
C:\Program Files\dotnet\sdk\5.0.201\Extensions\Microsoft.TestPlatform.TestHostRuntimeProvider.dll
C:\Program Files\dotnet\sdk\5.0.201\Extensions\Microsoft.VisualStudio.TestPlatform.Extensions.Html.TestLogger.dll
C:\Program Files\dotnet\sdk\5.0.201\Extensions\Microsoft.VisualStudio.TestPlatform.Extensions.Trx.TestLogger.dll
TpTrace Information: 0 : 6316, 1, 2021/11/12, 20:30:35.827, 123167749996, vstest.console.dll, AssemblyResolver.AddSearchDirectories: Adding more searchDirectories C:\Program Files\dotnet\sdk\5.0.201\Extensions,C:\Program Files\dotnet\sdk\5.0.201
TpTrace Information: 0 : 6316, 1, 2021/11/12, 20:30:35.827, 123167750872, vstest.console.dll, AssemblyResolver.AddSearchDirectories: Adding more searchDirectories C:\Program Files\dotnet\sdk\5.0.201\Extensions,C:\Program Files\dotnet\sdk\5.0.201
TpTrace Information: 0 : 6316, 1, 2021/11/12, 20:30:35.827, 123167751518, vstest.console.dll, AssemblyResolver.AddSearchDirectories: Adding more searchDirectories C:\Program Files\dotnet\sdk\5.0.201\Extensions,C:\Program Files\dotnet\sdk\5.0.201
TpTrace Information: 0 : 6316, 1, 2021/11/12, 20:30:35.827, 123167751995, vstest.console.dll, AssemblyResolver.AddSearchDirectories: Adding more searchDirectories C:\Program Files\dotnet\sdk\5.0.201\Extensions,C:\Program Files\dotnet\sdk\5.0.201
TpTrace Information: 0 : 6316, 1, 2021/11/12, 20:30:35.827, 123167752440, vstest.console.dll, AssemblyResolver.AddSearchDirectories: Adding more searchDirectories C:\Program Files\dotnet\sdk\5.0.201\Extensions,C:\Program Files\dotnet\sdk\5.0.201
TpTrace Information: 0 : 6316, 1, 2021/11/12, 20:30:35.827, 123167752879, vstest.console.dll, AssemblyResolver.AddSearchDirectories: Adding more searchDirectories C:\Program Files\dotnet\sdk\5.0.201\Extensions,C:\Program Files\dotnet\sdk\5.0.201
TpTrace Information: 0 : 6316, 1, 2021/11/12, 20:30:35.828, 123167758604, vstest.console.dll, AssemblyResolver.OnResolve: Microsoft.Diagnostics.NETCore.Client: Resolving assembly.
TpTrace Information: 0 : 6316, 1, 2021/11/12, 20:30:35.830, 123167784321, vstest.console.dll, AssemblyResolver.OnResolve: Resolved assembly: Microsoft.Diagnostics.NETCore.Client, from path: C:\Program Files\dotnet\sdk\5.0.201\Extensions\Microsoft.Diagnostics.NETCore.Client.dll
TpTrace Information: 0 : 6316, 1, 2021/11/12, 20:30:35.835, 123167831733, vstest.console.dll, AssemblyResolver.OnResolve: Microsoft.Bcl.AsyncInterfaces: Resolving assembly.
TpTrace Information: 0 : 6316, 1, 2021/11/12, 20:30:35.836, 123167836036, vstest.console.dll, AssemblyResolver.OnResolve: Microsoft.Bcl.AsyncInterfaces: Failed to load assembly.
TpTrace Verbose: 0 : 6316, 1, 2021/11/12, 20:30:35.836, 123167837806, vstest.console.dll, CurrentDomain_AssemblyResolve: Resolving assembly 'Microsoft.Bcl.AsyncInterfaces'.
TpTrace Information: 0 : 6316, 1, 2021/11/12, 20:30:35.836, 123167840062, vstest.console.dll, AssemblyResolver.OnResolve: Microsoft.Bcl.AsyncInterfaces: Resolving assembly.
TpTrace Information: 0 : 6316, 1, 2021/11/12, 20:30:35.836, 123167841379, vstest.console.dll, AssemblyResolver.OnResolve: Microsoft.Bcl.AsyncInterfaces: Resolved from cache.
TpTrace Verbose: 0 : 6316, 1, 2021/11/12, 20:30:35.836, 123167842369, vstest.console.dll, CurrentDomain_AssemblyResolve: Resolving assembly 'Microsoft.Bcl.AsyncInterfaces'.
TpTrace Verbose: 0 : 6316, 1, 2021/11/12, 20:30:35.836, 123167843950, vstest.console.dll, CurrentDomainAssemblyResolve: Failed to resolve assembly 'Microsoft.Bcl.AsyncInterfaces'.
TpTrace Verbose: 0 : 6316, 1, 2021/11/12, 20:30:35.838, 123167858858, vstest.console.dll, CurrentDomainAssemblyResolve: Failed to resolve assembly 'Microsoft.Bcl.AsyncInterfaces'.
TpTrace Warning: 0 : 6316, 1, 2021/11/12, 20:30:35.862, 123168099720, vstest.console.dll, TestPluginDiscoverer: Failed to get types from assembly 'Microsoft.Diagnostics.NETCore.Client, Version=0.2.2.41902, Culture=neutral, PublicKeyToken=31bf3856ad364e35'.  Skipping test extension scan for this assembly.  Error: System.Reflection.ReflectionTypeLoadException: Unable to load one or more of the requested types.
Could not load file or assembly 'Microsoft.Bcl.AsyncInterfaces, Version=1.0.0.0, Culture=neutral, PublicKeyToken=cc7b13ffcd2ddd51'. The system cannot find the file specified.
   at System.Reflection.RuntimeModule.GetTypes(RuntimeModule module)
   at System.Reflection.RuntimeModule.GetTypes()
   at System.Reflection.Assembly.GetTypes()
   at Microsoft.VisualStudio.TestPlatform.Common.ExtensionFramework.TestPluginDiscoverer.GetTestExtensionsFromAssembly[TPluginInfo,TExtension](Assembly assembly, Dictionary`2 pluginInfos)
System.IO.FileNotFoundException: Could not load file or assembly 'Microsoft.Bcl.AsyncInterfaces, Version=1.0.0.0, Culture=neutral, PublicKeyToken=cc7b13ffcd2ddd51'. The system cannot find the file specified.
File name: 'Microsoft.Bcl.AsyncInterfaces, Version=1.0.0.0, Culture=neutral, PublicKeyToken=cc7b13ffcd2ddd51'
TpTrace Warning: 0 : 6316, 1, 2021/11/12, 20:30:35.862, 123168103218, vstest.console.dll, LoaderExceptions: System.IO.FileNotFoundException: Could not load file or assembly 'Microsoft.Bcl.AsyncInterfaces, Version=1.0.0.0, Culture=neutral, PublicKeyToken=cc7b13ffcd2ddd51'. The system cannot find the file specified.
File name: 'Microsoft.Bcl.AsyncInterfaces, Version=1.0.0.0, Culture=neutral, PublicKeyToken=cc7b13ffcd2ddd51'
TpTrace Information: 0 : 6316, 1, 2021/11/12, 20:30:35.863, 123168106293, vstest.console.dll, AssemblyResolver.OnResolve: Microsoft.TestPlatform.Extensions.BlameDataCollector: Resolving assembly.
TpTrace Information: 0 : 6316, 1, 2021/11/12, 20:30:35.864, 123168123681, vstest.console.dll, AssemblyResolver.OnResolve: Resolved assembly: Microsoft.TestPlatform.Extensions.BlameDataCollector, from path: C:\Program Files\dotnet\sdk\5.0.201\Extensions\Microsoft.TestPlatform.Extensions.BlameDataCollector.dll
TpTrace Information: 0 : 6316, 1, 2021/11/12, 20:30:35.865, 123168132308, vstest.console.dll, AssemblyResolver.OnResolve: Microsoft.TestPlatform.Extensions.EventLogCollector: Resolving assembly.
TpTrace Information: 0 : 6316, 1, 2021/11/12, 20:30:35.867, 123168149372, vstest.console.dll, AssemblyResolver.OnResolve: Resolved assembly: Microsoft.TestPlatform.Extensions.EventLogCollector, from path: C:\Program Files\dotnet\sdk\5.0.201\Extensions\Microsoft.TestPlatform.Extensions.EventLogCollector.dll
TpTrace Information: 0 : 6316, 1, 2021/11/12, 20:30:35.871, 123168186542, vstest.console.dll, AssemblyResolver.OnResolve: Microsoft.TestPlatform.TestHostRuntimeProvider: Resolving assembly.
TpTrace Information: 0 : 6316, 1, 2021/11/12, 20:30:35.872, 123168203169, vstest.console.dll, AssemblyResolver.OnResolve: Resolved assembly: Microsoft.TestPlatform.TestHostRuntimeProvider, from path: C:\Program Files\dotnet\sdk\5.0.201\Extensions\Microsoft.TestPlatform.TestHostRuntimeProvider.dll
TpTrace Information: 0 : 6316, 1, 2021/11/12, 20:30:35.874, 123168224060, vstest.console.dll, AssemblyResolver.OnResolve: Microsoft.VisualStudio.TestPlatform.Extensions.Html.TestLogger: Resolving assembly.
TpTrace Information: 0 : 6316, 1, 2021/11/12, 20:30:35.876, 123168240653, vstest.console.dll, AssemblyResolver.OnResolve: Resolved assembly: Microsoft.VisualStudio.TestPlatform.Extensions.Html.TestLogger, from path: C:\Program Files\dotnet\sdk\5.0.201\Extensions\Microsoft.VisualStudio.TestPlatform.Extensions.Html.TestLogger.dll
TpTrace Information: 0 : 6316, 1, 2021/11/12, 20:30:35.877, 123168247325, vstest.console.dll, AssemblyResolver.OnResolve: Microsoft.VisualStudio.TestPlatform.Extensions.Trx.TestLogger: Resolving assembly.
TpTrace Information: 0 : 6316, 1, 2021/11/12, 20:30:35.878, 123168264984, vstest.console.dll, AssemblyResolver.OnResolve: Resolved assembly: Microsoft.VisualStudio.TestPlatform.Extensions.Trx.TestLogger, from path: C:\Program Files\dotnet\sdk\5.0.201\Extensions\Microsoft.VisualStudio.TestPlatform.Extensions.Trx.TestLogger.dll
TpTrace Verbose: 0 : 6316, 1, 2021/11/12, 20:30:35.879, 123168271910, vstest.console.dll, TestPluginCache: Discovered the extensions using extension path ''.
TpTrace Verbose: 0 : 6316, 1, 2021/11/12, 20:30:35.879, 123168272732, vstest.console.dll, TestPluginCache: Discoverers are ''.
TpTrace Verbose: 0 : 6316, 1, 2021/11/12, 20:30:35.879, 123168273192, vstest.console.dll, TestPluginCache: Executors are ''.
TpTrace Verbose: 0 : 6316, 1, 2021/11/12, 20:30:35.879, 123168273590, vstest.console.dll, TestPluginCache: Executors2 are ''.
TpTrace Verbose: 0 : 6316, 1, 2021/11/12, 20:30:35.880, 123168277881, vstest.console.dll, TestPluginCache: Setting providers are ''.
TpTrace Verbose: 0 : 6316, 1, 2021/11/12, 20:30:35.880, 123168278736, vstest.console.dll, TestPluginCache: Loggers are ''.
TpTrace Information: 0 : 6316, 1, 2021/11/12, 20:30:35.887, 123168346564, vstest.console.dll, RunTestsArgumentProcessor:Execute: Test run is starting.
TpTrace Verbose: 0 : 6316, 1, 2021/11/12, 20:30:35.887, 123168347626, vstest.console.dll, RunTestsArgumentProcessor:Execute: Queuing Test run.
TpTrace Information: 0 : 6316, 1, 2021/11/12, 20:30:35.887, 123168350096, vstest.console.dll, TestRequestManager.RunTests: run tests started.
TpTrace Information: 0 : 6316, 1, 2021/11/12, 20:30:35.891, 123168389772, vstest.console.dll, AssemblyMetadataProvider.GetFrameWork: Determined framework:'.NETCoreApp,Version=v3.1' for source: 'C:\Users\Lucas Zoglmann\Documents\GitHub\CS-478\team4Chess\uiTesting\bin\Debug\netcoreapp3.1\fine-code-coverage\build-output\uiTesting.dll'
TpTrace Information: 0 : 6316, 1, 2021/11/12, 20:30:35.891, 123168392241, vstest.console.dll, Determined framework for all sources: .NETCoreApp,Version=v3.1
TpTrace Information: 0 : 6316, 1, 2021/11/12, 20:30:35.892, 123168397082, vstest.console.dll, AssemblyMetadataProvider.GetArchitecture: Determined architecture:AnyCPU info for assembly: C:\Users\Lucas Zoglmann\Documents\GitHub\CS-478\team4Chess\uiTesting\bin\Debug\netcoreapp3.1\fine-code-coverage\build-output\uiTesting.dll
TpTrace Information: 0 : 6316, 1, 2021/11/12, 20:30:35.894, 123168420921, vstest.console.dll, Determined platform for all sources: X64
TpTrace Information: 0 : 6316, 1, 2021/11/12, 20:30:35.898, 123168456820, vstest.console.dll, Compatible sources list : 
TpTrace Information: 0 : 6316, 1, 2021/11/12, 20:30:35.898, 123168457873, vstest.console.dll, C:\Users\Lucas Zoglmann\Documents\GitHub\CS-478\team4Chess\uiTesting\bin\Debug\netcoreapp3.1\fine-code-coverage\build-output\uiTesting.dll
TpTrace Information: 0 : 6316, 1, 2021/11/12, 20:30:35.900, 123168482732, vstest.console.dll, InferRunSettingsHelper.IsTestSettingsEnabled: Unable to navigate to RunSettings/MSTest. Current node: RunSettings
TpTrace Information: 0 : 6316, 1, 2021/11/12, 20:30:35.901, 123168490854, vstest.console.dll, AssemblyResolver.OnResolve: Microsoft.VisualStudio.TestPlatform.Fakes: Resolving assembly.
TpTrace Information: 0 : 6316, 1, 2021/11/12, 20:30:35.901, 123168493659, vstest.console.dll, AssemblyResolver.OnResolve: Microsoft.VisualStudio.TestPlatform.Fakes: Failed to load assembly.
TpTrace Information: 0 : 6316, 1, 2021/11/12, 20:30:35.902, 123168498166, vstest.console.dll, Failed to create newly implemented Fakes Configurator. Reason:System.IO.FileNotFoundException: Could not load file or assembly 'Microsoft.VisualStudio.TestPlatform.Fakes, Version=16.0.0.0, Culture=neutral, PublicKeyToken=null'. The system cannot find the file specified.
File name: 'Microsoft.VisualStudio.TestPlatform.Fakes, Version=16.0.0.0, Culture=neutral, PublicKeyToken=null'
   at System.Reflection.RuntimeAssembly.InternalLoad(ObjectHandleOnStack assemblyName, ObjectHandleOnStack requestingAssembly, StackCrawlMarkHandle stackMark, Boolean throwOnFileNotFound, ObjectHandleOnStack assemblyLoadContext, ObjectHandleOnStack retAssembly)
   at System.Reflection.RuntimeAssembly.InternalLoad(AssemblyName assemblyName, RuntimeAssembly requestingAssembly, StackCrawlMark& stackMark, Boolean throwOnFileNotFound, AssemblyLoadContext assemblyLoadContext)
   at System.Reflection.Assembly.Load(AssemblyName assemblyRef)
   at Microsoft.VisualStudio.TestPlatform.Common.Utilities.FakesUtilities.TryGetFakesCrossPlatformDataCollectorConfigurator() 
TpTrace Verbose: 0 : 6316, 1, 2021/11/12, 20:30:35.907, 123168546050, vstest.console.dll, TestPluginCache.DiscoverTestExtensions: finding test extensions in assemblies ends with: TestLogger.dll TPluginInfo: Microsoft.VisualStudio.TestPlatform.Common.ExtensionFramework.Utilities.TestLoggerPluginInformation TExtension: Microsoft.VisualStudio.TestPlatform.ObjectModel.Client.ITestLogger
TpTrace Verbose: 0 : 6316, 1, 2021/11/12, 20:30:35.907, 123168547220, vstest.console.dll, TestPluginCache.GetExtensionPaths: Filtered extension paths: 
TpTrace Verbose: 0 : 6316, 1, 2021/11/12, 20:30:35.907, 123168547790, vstest.console.dll, TestPluginCache.GetExtensionPaths: Added default extension paths: C:\Program Files\dotnet\sdk\5.0.201\Extensions\Microsoft.Diagnostics.NETCore.Client.dll
C:\Program Files\dotnet\sdk\5.0.201\Extensions\Microsoft.TestPlatform.Extensions.BlameDataCollector.dll
C:\Program Files\dotnet\sdk\5.0.201\Extensions\Microsoft.TestPlatform.Extensions.EventLogCollector.dll
C:\Program Files\dotnet\sdk\5.0.201\Extensions\Microsoft.TestPlatform.TestHostRuntimeProvider.dll
C:\Program Files\dotnet\sdk\5.0.201\Extensions\Microsoft.VisualStudio.TestPlatform.Extensions.Html.TestLogger.dll
C:\Program Files\dotnet\sdk\5.0.201\Extensions\Microsoft.VisualStudio.TestPlatform.Extensions.Trx.TestLogger.dll
TpTrace Verbose: 0 : 6316, 1, 2021/11/12, 20:30:35.907, 123168548373, vstest.console.dll, TestPluginCache.GetExtensionPaths: Added unfilterableExtensionPaths: 
TpTrace Information: 0 : 6316, 1, 2021/11/12, 20:30:35.907, 123168550221, vstest.console.dll, AssemblyResolver.AddSearchDirectories: Adding more searchDirectories C:\Program Files\dotnet\sdk\5.0.201\Extensions,C:\Program Files\dotnet\sdk\5.0.201
TpTrace Verbose: 0 : 6316, 1, 2021/11/12, 20:30:35.907, 123168551056, vstest.console.dll, TestPluginCache.DiscoverTestExtensions: Discovering the extensions using extension path.
TpTrace Verbose: 0 : 6316, 1, 2021/11/12, 20:30:35.907, 123168551525, vstest.console.dll, TestPluginCache.GetExtensionPaths: Filtered extension paths: 
TpTrace Verbose: 0 : 6316, 1, 2021/11/12, 20:30:35.907, 123168551956, vstest.console.dll, TestPluginCache.GetExtensionPaths: Added default extension paths: C:\Program Files\dotnet\sdk\5.0.201\Extensions\Microsoft.Diagnostics.NETCore.Client.dll
C:\Program Files\dotnet\sdk\5.0.201\Extensions\Microsoft.TestPlatform.Extensions.BlameDataCollector.dll
C:\Program Files\dotnet\sdk\5.0.201\Extensions\Microsoft.TestPlatform.Extensions.EventLogCollector.dll
C:\Program Files\dotnet\sdk\5.0.201\Extensions\Microsoft.TestPlatform.TestHostRuntimeProvider.dll
C:\Program Files\dotnet\sdk\5.0.201\Extensions\Microsoft.VisualStudio.TestPlatform.Extensions.Html.TestLogger.dll
C:\Program Files\dotnet\sdk\5.0.201\Extensions\Microsoft.VisualStudio.TestPlatform.Extensions.Trx.TestLogger.dll
TpTrace Verbose: 0 : 6316, 1, 2021/11/12, 20:30:35.907, 123168552518, vstest.console.dll, TestPluginCache.GetExtensionPaths: Added unfilterableExtensionPaths: 
TpTrace Verbose: 0 : 6316, 1, 2021/11/12, 20:30:35.907, 123168552965, vstest.console.dll, TestPluginCache.DiscoverTestExtensions: Discovering the extensions using allExtensionPaths: C:\Program Files\dotnet\sdk\5.0.201\Extensions\Microsoft.Diagnostics.NETCore.Client.dll
C:\Program Files\dotnet\sdk\5.0.201\Extensions\Microsoft.TestPlatform.Extensions.BlameDataCollector.dll
C:\Program Files\dotnet\sdk\5.0.201\Extensions\Microsoft.TestPlatform.Extensions.EventLogCollector.dll
C:\Program Files\dotnet\sdk\5.0.201\Extensions\Microsoft.TestPlatform.TestHostRuntimeProvider.dll
C:\Program Files\dotnet\sdk\5.0.201\Extensions\Microsoft.VisualStudio.TestPlatform.Extensions.Html.TestLogger.dll
C:\Program Files\dotnet\sdk\5.0.201\Extensions\Microsoft.VisualStudio.TestPlatform.Extensions.Trx.TestLogger.dll
TpTrace Information: 0 : 6316, 1, 2021/11/12, 20:30:35.907, 123168553660, vstest.console.dll, AssemblyResolver.AddSearchDirectories: Adding more searchDirectories C:\Program Files\dotnet\sdk\5.0.201\Extensions,C:\Program Files\dotnet\sdk\5.0.201
TpTrace Information: 0 : 6316, 1, 2021/11/12, 20:30:35.907, 123168554157, vstest.console.dll, AssemblyResolver.AddSearchDirectories: Adding more searchDirectories C:\Program Files\dotnet\sdk\5.0.201\Extensions,C:\Program Files\dotnet\sdk\5.0.201
TpTrace Information: 0 : 6316, 1, 2021/11/12, 20:30:35.907, 123168554609, vstest.console.dll, AssemblyResolver.AddSearchDirectories: Adding more searchDirectories C:\Program Files\dotnet\sdk\5.0.201\Extensions,C:\Program Files\dotnet\sdk\5.0.201
TpTrace Information: 0 : 6316, 1, 2021/11/12, 20:30:35.907, 123168555181, vstest.console.dll, AssemblyResolver.AddSearchDirectories: Adding more searchDirectories C:\Program Files\dotnet\sdk\5.0.201\Extensions,C:\Program Files\dotnet\sdk\5.0.201
TpTrace Information: 0 : 6316, 1, 2021/11/12, 20:30:35.908, 123168555669, vstest.console.dll, AssemblyResolver.AddSearchDirectories: Adding more searchDirectories C:\Program Files\dotnet\sdk\5.0.201\Extensions,C:\Program Files\dotnet\sdk\5.0.201
TpTrace Information: 0 : 6316, 1, 2021/11/12, 20:30:35.908, 123168556124, vstest.console.dll, AssemblyResolver.AddSearchDirectories: Adding more searchDirectories C:\Program Files\dotnet\sdk\5.0.201\Extensions,C:\Program Files\dotnet\sdk\5.0.201
TpTrace Information: 0 : 6316, 1, 2021/11/12, 20:30:35.908, 123168559149, vstest.console.dll, AssemblyResolver.OnResolve: Microsoft.Bcl.AsyncInterfaces: Resolving assembly.
TpTrace Information: 0 : 6316, 1, 2021/11/12, 20:30:35.908, 123168559735, vstest.console.dll, AssemblyResolver.OnResolve: Microsoft.Bcl.AsyncInterfaces: Resolved from cache.
TpTrace Verbose: 0 : 6316, 1, 2021/11/12, 20:30:35.908, 123168560247, vstest.console.dll, CurrentDomain_AssemblyResolve: Resolving assembly 'Microsoft.Bcl.AsyncInterfaces'.
TpTrace Information: 0 : 6316, 1, 2021/11/12, 20:30:35.908, 123168560996, vstest.console.dll, AssemblyResolver.OnResolve: Microsoft.Bcl.AsyncInterfaces: Resolving assembly.
TpTrace Information: 0 : 6316, 1, 2021/11/12, 20:30:35.908, 123168561453, vstest.console.dll, AssemblyResolver.OnResolve: Microsoft.Bcl.AsyncInterfaces: Resolved from cache.
TpTrace Verbose: 0 : 6316, 1, 2021/11/12, 20:30:35.908, 123168562028, vstest.console.dll, CurrentDomain_AssemblyResolve: Resolving assembly 'Microsoft.Bcl.AsyncInterfaces'.
TpTrace Verbose: 0 : 6316, 1, 2021/11/12, 20:30:35.908, 123168562464, vstest.console.dll, CurrentDomainAssemblyResolve: Failed to resolve assembly 'Microsoft.Bcl.AsyncInterfaces'.
TpTrace Verbose: 0 : 6316, 1, 2021/11/12, 20:30:35.908, 123168564295, vstest.console.dll, CurrentDomainAssemblyResolve: Failed to resolve assembly 'Microsoft.Bcl.AsyncInterfaces'.
TpTrace Warning: 0 : 6316, 1, 2021/11/12, 20:30:35.909, 123168567668, vstest.console.dll, TestPluginDiscoverer: Failed to get types from assembly 'Microsoft.Diagnostics.NETCore.Client, Version=0.2.2.41902, Culture=neutral, PublicKeyToken=31bf3856ad364e35'.  Skipping test extension scan for this assembly.  Error: System.Reflection.ReflectionTypeLoadException: Unable to load one or more of the requested types.
Could not load file or assembly 'Microsoft.Bcl.AsyncInterfaces, Version=1.0.0.0, Culture=neutral, PublicKeyToken=cc7b13ffcd2ddd51'. The system cannot find the file specified.
   at System.Reflection.RuntimeModule.GetTypes(RuntimeModule module)
   at System.Reflection.RuntimeModule.GetTypes()
   at System.Reflection.Assembly.GetTypes()
   at Microsoft.VisualStudio.TestPlatform.Common.ExtensionFramework.TestPluginDiscoverer.GetTestExtensionsFromAssembly[TPluginInfo,TExtension](Assembly assembly, Dictionary`2 pluginInfos)
System.IO.FileNotFoundException: Could not load file or assembly 'Microsoft.Bcl.AsyncInterfaces, Version=1.0.0.0, Culture=neutral, PublicKeyToken=cc7b13ffcd2ddd51'. The system cannot find the file specified.
File name: 'Microsoft.Bcl.AsyncInterfaces, Version=1.0.0.0, Culture=neutral, PublicKeyToken=cc7b13ffcd2ddd51'
TpTrace Warning: 0 : 6316, 1, 2021/11/12, 20:30:35.909, 123168568409, vstest.console.dll, LoaderExceptions: System.IO.FileNotFoundException: Could not load file or assembly 'Microsoft.Bcl.AsyncInterfaces, Version=1.0.0.0, Culture=neutral, PublicKeyToken=cc7b13ffcd2ddd51'. The system cannot find the file specified.
File name: 'Microsoft.Bcl.AsyncInterfaces, Version=1.0.0.0, Culture=neutral, PublicKeyToken=cc7b13ffcd2ddd51'
TpTrace Verbose: 0 : 6316, 1, 2021/11/12, 20:30:35.909, 123168572931, vstest.console.dll, TestPluginCache: Discovered the extensions using extension path ''.
TpTrace Verbose: 0 : 6316, 1, 2021/11/12, 20:30:35.909, 123168573615, vstest.console.dll, TestPluginCache: Discoverers are ''.
TpTrace Verbose: 0 : 6316, 1, 2021/11/12, 20:30:35.909, 123168574062, vstest.console.dll, TestPluginCache: Executors are ''.
TpTrace Verbose: 0 : 6316, 1, 2021/11/12, 20:30:35.909, 123168574454, vstest.console.dll, TestPluginCache: Executors2 are ''.
TpTrace Verbose: 0 : 6316, 1, 2021/11/12, 20:30:35.909, 123168574832, vstest.console.dll, TestPluginCache: Setting providers are ''.
TpTrace Verbose: 0 : 6316, 1, 2021/11/12, 20:30:35.910, 123168575695, vstest.console.dll, TestPluginCache: Loggers are 'logger://Microsoft/TestPlatform/Extensions/Blame/v1,logger://Microsoft/TestPlatform/HtmlLogger/v1,logger://Microsoft/TestPlatform/TrxLogger/v1'.
TpTrace Information: 0 : 6316, 1, 2021/11/12, 20:30:35.910, 123168583272, vstest.console.dll, TestPluginManager.CreateTestExtension: Attempting to load test extension: Microsoft.TestPlatform.Extensions.BlameDataCollector.BlameLogger
TpTrace Information: 0 : 6316, 1, 2021/11/12, 20:30:35.922, 123168702919, vstest.console.dll, TestPluginManager.CreateTestExtension: Attempting to load test extension: Microsoft.VisualStudio.TestPlatform.CrossPlatEngine.Hosting.DefaultTestHostManager
TpTrace Information: 0 : 6316, 1, 2021/11/12, 20:30:35.923, 123168706196, vstest.console.dll, TestPluginManager.CreateTestExtension: Attempting to load test extension: Microsoft.VisualStudio.TestPlatform.CrossPlatEngine.Hosting.DotnetTestHostManager
TpTrace Verbose: 0 : 6316, 1, 2021/11/12, 20:30:35.923, 123168712590, vstest.console.dll, TestEngine: Initializing Parallel Execution as MaxCpuCount is set to: 1
TpTrace Information: 0 : 6316, 1, 2021/11/12, 20:30:35.924, 123168718700, vstest.console.dll, InferRunSettingsHelper.IsTestSettingsEnabled: Unable to navigate to RunSettings/MSTest. Current node: RunSettings
TpTrace Verbose: 0 : 6316, 1, 2021/11/12, 20:30:35.941, 123168885461, vstest.console.dll, TestRequestSender is acting as server
TpTrace Verbose: 0 : 6316, 4, 2021/11/12, 20:30:35.944, 123168925131, vstest.console.dll, DataCollectionRequestSender.InitializeCommunication : Initialize communication. 
TpTrace Information: 0 : 6316, 4, 2021/11/12, 20:30:35.962, 123169096992, vstest.console.dll, Listening on Endpoint : 127.0.0.1:65221
TpTrace Verbose: 0 : 6316, 4, 2021/11/12, 20:30:35.982, 123169295927, vstest.console.dll, DotnetDataCollectionLauncher: Full path of dotnet.exe is C:\Program Files\dotnet\dotnet.exe
TpTrace Verbose: 0 : 6316, 4, 2021/11/12, 20:30:35.982, 123169298569, vstest.console.dll, DotnetDataCollectionLauncher: Adding  --runtimeconfig "C:\Program Files\dotnet\sdk\5.0.201\datacollector.runtimeconfig.json" in args
TpTrace Verbose: 0 : 6316, 4, 2021/11/12, 20:30:35.982, 123169300271, vstest.console.dll, DotnetDataCollectionLauncher: Adding  --depsfile "C:\Program Files\dotnet\sdk\5.0.201\datacollector.deps.json" in args
TpTrace Information: 0 : 6316, 4, 2021/11/12, 20:30:35.997, 123169452351, vstest.console.dll, ProxyDataCollectionManager.Initialize: Launched datacollector processId: 4136 port: 65221
TpTrace Information: 0 : 6316, 4, 2021/11/12, 20:30:35.997, 123169455214, vstest.console.dll, ProxyDataCollectionManager.Initialize: waiting for connection with timeout: 90 seconds
TpTrace Verbose: 0 : 6316, 4, 2021/11/12, 20:30:35.998, 123169456436, vstest.console.dll, DataCollectionRequestSender.WaitForRequestHandlerConnection : Waiting for connection with timeout: 90000
TpTrace Information: 0 : 6316, 7, 2021/11/12, 20:30:36.300, 123172477426, vstest.console.dll, Using the buffer size of 16384 bytes
TpTrace Verbose: 0 : 6316, 4, 2021/11/12, 20:30:36.300, 123172478335, vstest.console.dll, ProxyDataCollectionManager.InvokeDataCollectionServiceAction: Starting.
TpTrace Information: 0 : 6316, 7, 2021/11/12, 20:30:36.300, 123172478598, vstest.console.dll, Accepted Client request and set the flag
TpTrace Information: 0 : 6316, 4, 2021/11/12, 20:30:36.300, 123172479723, vstest.console.dll, ProxyDataCollectionManager.BeforeTestRunStart: Get environment variable and port for datacollector processId: 4136 port: 65221
TpTrace Verbose: 0 : 6316, 4, 2021/11/12, 20:30:36.300, 123172482432, vstest.console.dll, DataCollectionRequestSender.SendBeforeTestRunStartAndGetResult : Send BeforeTestRunStart message with settingsXml <RunSettings><RunConfiguration><ResultsDirectory>C:\Users\Lucas Zoglmann\Documents\GitHub\CS-478\team4Chess\uiTesting\bin\Debug\netcoreapp3.1\fine-code-coverage\coverage-tool-output</ResultsDirectory><TargetPlatform>X64</TargetPlatform><TargetFrameworkVersion>.NETCoreApp,Version=v3.1</TargetFrameworkVersion><DesignMode>False</DesignMode><CollectSourceInformation>False</CollectSourceInformation><TestAdaptersPaths>C:\Program Files\dotnet\sdk\5.0.201\Extensions</TestAdaptersPaths></RunConfiguration><LoggerRunSettings><Loggers><Logger friendlyName="blame" enabled="True" /><Logger friendlyName="Console" uri="logger://microsoft/TestPlatform/ConsoleLogger/v1" assemblyQualifiedName="Microsoft.VisualStudio.TestPlatform.CommandLine.Internal.ConsoleLogger, vstest.console, Version=15.0.0.0, Culture=neutral, PublicKeyToken=b03f5f7f11d50a3a" codeBase="C:\Program Files\dotnet\sdk\5.0.201\vstest.console.dll" enabled="True" /></Loggers></LoggerRunSettings><DataCollectionRunSettings><DataCollectors><DataCollector friendlyName="blame" enabled="True"><Configuration><ResultsDirectory>C:\Users\Lucas Zoglmann\Documents\GitHub\CS-478\team4Chess\uiTesting\bin\Debug\netcoreapp3.1\fine-code-coverage\coverage-tool-output</ResultsDirectory></Configuration></DataCollector></DataCollectors></DataCollectionRunSettings></RunSettings> and sources System.Linq.Enumerable+Concat2Iterator`1[System.String]: 
TpTrace Verbose: 0 : 6316, 4, 2021/11/12, 20:30:36.401, 123173492516, vstest.console.dll, DataCollectionRequestSender.SendBeforeTestRunStartAndGetResult : Received message: (DataCollection.SendMessage) -> {
  "FriendlyName": null,
  "Uri": null,
  "TestCaseId": "00000000-0000-0000-0000-000000000000",
  "Message": "Logging DataCollector Diagnostics in file: C:\\Users\\Lucas Zoglmann\\Documents\\GitHub\\CS-478\\team4Chess\\uiTesting\\bin\\Debug\\netcoreapp3.1\\fine-code-coverage\\coverage-tool-output\\diagnostics.datacollector.21-11-12_20-30-35_97277_4.log",
  "Level": 0
}
TpTrace Verbose: 0 : 6316, 4, 2021/11/12, 20:30:36.494, 123174418393, vstest.console.dll, DataCollectionRequestSender.SendBeforeTestRunStartAndGetResult : Received message: (DataCollection.BeforeTestRunStartResult) -> {
  "EnvironmentVariables": {},
  "DataCollectionEventsPort": 65223
}
TpTrace Information: 0 : 6316, 4, 2021/11/12, 20:30:36.500, 123174482882, vstest.console.dll, ProxyDataCollectionManager.BeforeTestRunStart: SendBeforeTestRunStartAndGetResult successful, env variable from datacollector:   and testhost port: 65223
TpTrace Information: 0 : 6316, 4, 2021/11/12, 20:30:36.500, 123174484367, vstest.console.dll, ProxyDataCollectionManager.InvokeDataCollectionServiceAction: Completed.
TpTrace Verbose: 0 : 6316, 1, 2021/11/12, 20:30:36.501, 123174486632, vstest.console.dll, TestRunRequest.ExecuteAsync: Creating test run request.
TpTrace Verbose: 0 : 6316, 1, 2021/11/12, 20:30:36.501, 123174493190, vstest.console.dll, TestRunRequest.ExecuteAsync: Starting.
TpTrace Information: 0 : 6316, 1, 2021/11/12, 20:30:36.502, 123174500270, vstest.console.dll, TestRunRequest.ExecuteAsync: Starting run with settings:TestRunCriteria:
   KeepAlive=False,FrequencyOfRunStatsChangeEvent=10,RunStatsChangeEventTimeout=00:00:01.5000000,TestCaseFilter=,TestExecutorLauncher=
   Settingsxml=<RunSettings>
  <RunConfiguration>
    <ResultsDirectory>C:\Users\Lucas Zoglmann\Documents\GitHub\CS-478\team4Chess\uiTesting\bin\Debug\netcoreapp3.1\fine-code-coverage\coverage-tool-output</ResultsDirectory>
    <TargetPlatform>X64</TargetPlatform>
    <TargetFrameworkVersion>.NETCoreApp,Version=v3.1</TargetFrameworkVersion>
    <DesignMode>False</DesignMode>
    <CollectSourceInformation>False</CollectSourceInformation>
  </RunConfiguration>
  <LoggerRunSettings>
    <Loggers>
      <Logger friendlyName="blame" enabled="True" />
      <Logger friendlyName="Console" uri="logger://microsoft/TestPlatform/ConsoleLogger/v1" assemblyQualifiedName="Microsoft.VisualStudio.TestPlatform.CommandLine.Internal.ConsoleLogger, vstest.console, Version=15.0.0.0, Culture=neutral, PublicKeyToken=b03f5f7f11d50a3a" codeBase="C:\Program Files\dotnet\sdk\5.0.201\vstest.console.dll" enabled="True" />
    </Loggers>
  </LoggerRunSettings>
  <DataCollectionRunSettings>
    <DataCollectors>
      <DataCollector friendlyName="blame" enabled="True">
        <Configuration>
          <ResultsDirectory>C:\Users\Lucas Zoglmann\Documents\GitHub\CS-478\team4Chess\uiTesting\bin\Debug\netcoreapp3.1\fine-code-coverage\coverage-tool-output</ResultsDirectory>
        </Configuration>
      </DataCollector>
    </DataCollectors>
  </DataCollectionRunSettings>
</RunSettings>

TpTrace Verbose: 0 : 6316, 1, 2021/11/12, 20:30:36.502, 123174503031, vstest.console.dll, TestRunRequest.ExecuteAsync: Wait for the first run request is over.
TpTrace Verbose: 0 : 6316, 1, 2021/11/12, 20:30:36.503, 123174514410, vstest.console.dll, ParallelProxyExecutionManager: Start execution. Total sources: 1
TpTrace Information: 0 : 6316, 1, 2021/11/12, 20:30:36.504, 123174523471, vstest.console.dll, ProxyParallelExecutionManager: Triggering test run for next source: C:\Users\Lucas Zoglmann\Documents\GitHub\CS-478\team4Chess\uiTesting\bin\Debug\netcoreapp3.1\fine-code-coverage\build-output\uiTesting.dll
TpTrace Verbose: 0 : 6316, 4, 2021/11/12, 20:30:36.505, 123174526280, vstest.console.dll, ParallelProxyExecutionManager: Execution started. Started clients: 1
TpTrace Verbose: 0 : 6316, 1, 2021/11/12, 20:30:36.505, 123174526524, vstest.console.dll, ProxyParallelExecutionManager: No sources available for execution.
TpTrace Information: 0 : 6316, 1, 2021/11/12, 20:30:36.505, 123174528288, vstest.console.dll, TestRunRequest.ExecuteAsync: Started.
TpTrace Verbose: 0 : 6316, 1, 2021/11/12, 20:30:36.505, 123174529502, vstest.console.dll, TestRunRequest.WaitForCompletion: Waiting with timeout -1.
TpTrace Verbose: 0 : 6316, 4, 2021/11/12, 20:30:36.505, 123174530958, vstest.console.dll, TestRunRequest:SendTestRunMessage: Starting.
TpTrace Information: 0 : 6316, 4, 2021/11/12, 20:30:36.505, 123174532547, vstest.console.dll, TestRunRequest:SendTestRunMessage: Completed.
TpTrace Verbose: 0 : 6316, 4, 2021/11/12, 20:30:36.505, 123174535335, vstest.console.dll, ProxyExecutionManager: Test host is always Lazy initialize.
TpTrace Verbose: 0 : 6316, 4, 2021/11/12, 20:30:36.506, 123174538563, vstest.console.dll, TestRequestSender.InitializeCommunication: initialize communication. 
TpTrace Information: 0 : 6316, 4, 2021/11/12, 20:30:36.506, 123174545044, vstest.console.dll, SocketServer.Start: Listening on endpoint : 127.0.0.1:65224
TpTrace Verbose: 0 : 6316, 4, 2021/11/12, 20:30:36.507, 123174554911, vstest.console.dll, DotnetTestHostmanager: Adding  --runtimeconfig "C:\Users\Lucas Zoglmann\Documents\GitHub\CS-478\team4Chess\uiTesting\bin\Debug\netcoreapp3.1\fine-code-coverage\build-output\uiTesting.runtimeconfig.json" in args
TpTrace Verbose: 0 : 6316, 4, 2021/11/12, 20:30:36.508, 123174558167, vstest.console.dll, DotnetTestHostmanager: Adding  --depsfile "C:\Users\Lucas Zoglmann\Documents\GitHub\CS-478\team4Chess\uiTesting\bin\Debug\netcoreapp3.1\fine-code-coverage\build-output\uiTesting.deps.json" in args
TpTrace Information: 0 : 6316, 4, 2021/11/12, 20:30:36.508, 123174562414, vstest.console.dll, AssemblyResolver.OnResolve: Microsoft.Extensions.DependencyModel: Resolving assembly.
TpTrace Information: 0 : 6316, 4, 2021/11/12, 20:30:36.510, 123174581305, vstest.console.dll, AssemblyResolver.OnResolve: Resolved assembly: Microsoft.Extensions.DependencyModel, from path: C:\Program Files\dotnet\sdk\5.0.201\Microsoft.Extensions.DependencyModel.dll
TpTrace Verbose: 0 : 6316, 4, 2021/11/12, 20:30:36.511, 123174586040, vstest.console.dll, DotnetTestHostmanager: Reading file C:\Users\Lucas Zoglmann\Documents\GitHub\CS-478\team4Chess\uiTesting\bin\Debug\netcoreapp3.1\fine-code-coverage\build-output\uiTesting.deps.json to get path of testhost.dll
TpTrace Verbose: 0 : 6316, 4, 2021/11/12, 20:30:36.547, 123174953375, vstest.console.dll, DotnetTestHostmanager: Relative path of testhost.dll with respect to package folder is microsoft.testplatform.testhost/16.5.0\lib/netcoreapp2.1/testhost.dll
TpTrace Verbose: 0 : 6316, 4, 2021/11/12, 20:30:36.548, 123174960638, vstest.console.dll, DotnetTestHostmanager: Looking for path microsoft.testplatform.testhost/16.5.0\lib/netcoreapp2.1/testhost.dll in folder C:\Users\Lucas Zoglmann\.dotnet\store\|arch|\|tfm|
TpTrace Verbose: 0 : 6316, 4, 2021/11/12, 20:30:36.548, 123174962131, vstest.console.dll, DotnetTestHostmanager: Looking for path microsoft.testplatform.testhost/16.5.0\lib/netcoreapp2.1/testhost.dll in folder C:\Users\Lucas Zoglmann\.nuget\packages
TpTrace Verbose: 0 : 6316, 4, 2021/11/12, 20:30:36.548, 123174964460, vstest.console.dll, DotnetTestHostManager: Testhost.exe/testhost.x86.exe found at path: C:\Users\Lucas Zoglmann\.nuget\packages\microsoft.testplatform.testhost\16.5.0\build\netcoreapp2.1\x64\testhost.exe
TpTrace Verbose: 0 : 6316, 4, 2021/11/12, 20:30:36.548, 123174965225, vstest.console.dll, DotnetTestHostmanager: Full path of host exe is C:\Users\Lucas Zoglmann\.nuget\packages\microsoft.testplatform.testhost\16.5.0\build\netcoreapp2.1\x64\testhost.exe
TpTrace Verbose: 0 : 6316, 6, 2021/11/12, 20:30:36.550, 123174984057, vstest.console.dll, DotnetTestHostManager: Starting process 'C:\Users\Lucas Zoglmann\.nuget\packages\microsoft.testplatform.testhost\16.5.0\build\netcoreapp2.1\x64\testhost.exe' with command line ' --runtimeconfig "C:\Users\Lucas Zoglmann\Documents\GitHub\CS-478\team4Chess\uiTesting\bin\Debug\netcoreapp3.1\fine-code-coverage\build-output\uiTesting.runtimeconfig.json" --depsfile "C:\Users\Lucas Zoglmann\Documents\GitHub\CS-478\team4Chess\uiTesting\bin\Debug\netcoreapp3.1\fine-code-coverage\build-output\uiTesting.deps.json" --port 65224 --endpoint 127.0.0.1:065224 --role client --parentprocessid 6316 --diag "C:\Users\Lucas Zoglmann\Documents\GitHub\CS-478\team4Chess\uiTesting\bin\Debug\netcoreapp3.1\fine-code-coverage\coverage-tool-output\diagnostics.host.21-11-12_20-30-36_50741_4.log" --tracelevel 4 --datacollectionport 65223 --telemetryoptedin false'
TpTrace Verbose: 0 : 6316, 6, 2021/11/12, 20:30:36.556, 123175042270, vstest.console.dll, Test Runtime launched
TpTrace Verbose: 0 : 6316, 4, 2021/11/12, 20:30:36.557, 123175052825, vstest.console.dll, TestRequestSender.WaitForRequestHandlerConnection: waiting for connection with timeout: 90000
TpTrace Verbose: 0 : 6316, 14, 2021/11/12, 20:30:36.856, 123178041302, vstest.console.dll, SocketServer.OnClientConnected: Client connected for endPoint: 127.0.0.1:65224, starting MessageLoopAsync:
TpTrace Verbose: 0 : 6316, 14, 2021/11/12, 20:30:36.856, 123178044649, vstest.console.dll, TcpClientExtensions.MessageLoopAsync: Polling on remoteEndPoint: 127.0.0.1:65226 localEndPoint: 127.0.0.1:65224
TpTrace Verbose: 0 : 6316, 14, 2021/11/12, 20:30:37.093, 123180409573, vstest.console.dll, TcpClientExtensions.MessageLoopAsync: NotifyDataAvailable remoteEndPoint: 127.0.0.1:65226 localEndPoint: 127.0.0.1:65224
TpTrace Verbose: 0 : 6316, 14, 2021/11/12, 20:30:37.093, 123180411884, vstest.console.dll, TestRequestSender.CheckVersionWithTestHost: onMessageReceived received message: (ProtocolVersion) -> 2
TpTrace Verbose: 0 : 6316, 14, 2021/11/12, 20:30:37.094, 123180416708, vstest.console.dll, TcpClientExtensions.MessageLoopAsync: Polling on remoteEndPoint: 127.0.0.1:65226 localEndPoint: 127.0.0.1:65224
TpTrace Verbose: 0 : 6316, 4, 2021/11/12, 20:30:37.094, 123180417979, vstest.console.dll, TestPluginCache.GetExtensionPaths: Filtered extension paths: 
TpTrace Verbose: 0 : 6316, 4, 2021/11/12, 20:30:37.094, 123180418709, vstest.console.dll, TestPluginCache.GetExtensionPaths: Added default extension paths: C:\Program Files\dotnet\sdk\5.0.201\Extensions\Microsoft.Diagnostics.NETCore.Client.dll
C:\Program Files\dotnet\sdk\5.0.201\Extensions\Microsoft.TestPlatform.Extensions.BlameDataCollector.dll
C:\Program Files\dotnet\sdk\5.0.201\Extensions\Microsoft.TestPlatform.Extensions.EventLogCollector.dll
C:\Program Files\dotnet\sdk\5.0.201\Extensions\Microsoft.TestPlatform.TestHostRuntimeProvider.dll
C:\Program Files\dotnet\sdk\5.0.201\Extensions\Microsoft.VisualStudio.TestPlatform.Extensions.Html.TestLogger.dll
C:\Program Files\dotnet\sdk\5.0.201\Extensions\Microsoft.VisualStudio.TestPlatform.Extensions.Trx.TestLogger.dll
TpTrace Verbose: 0 : 6316, 4, 2021/11/12, 20:30:37.094, 123180419201, vstest.console.dll, TestPluginCache.GetExtensionPaths: Added unfilterableExtensionPaths: 
TpTrace Verbose: 0 : 6316, 4, 2021/11/12, 20:30:37.097, 123180454072, vstest.console.dll, TestRequestSender.InitializeExecution: Sending initializing execution with message: {"Version":2,"MessageType":"TestExecution.Initialize","Payload":["C:\\Users\\Lucas Zoglmann\\Documents\\GitHub\\CS-478\\team4Chess\\uiTesting\\bin\\Debug\\netcoreapp3.1\\fine-code-coverage\\build-output\\NUnit3.TestAdapter.dll"]}
TpTrace Verbose: 0 : 6316, 4, 2021/11/12, 20:30:37.107, 123180549701, vstest.console.dll, TestRequestSender.StartTestRun: Sending test run with message: {"Version":2,"MessageType":"TestExecution.StartWithSources","Payload":{"AdapterSourceMap":{"_none_":["C:\\Users\\Lucas Zoglmann\\Documents\\GitHub\\CS-478\\team4Chess\\uiTesting\\bin\\Debug\\netcoreapp3.1\\fine-code-coverage\\build-output\\uiTesting.dll"]},"RunSettings":"<RunSettings>\r\n  <RunConfiguration>\r\n    <ResultsDirectory>C:\\Users\\Lucas Zoglmann\\Documents\\GitHub\\CS-478\\team4Chess\\uiTesting\\bin\\Debug\\netcoreapp3.1\\fine-code-coverage\\coverage-tool-output</ResultsDirectory>\r\n    <TargetPlatform>X64</TargetPlatform>\r\n    <TargetFrameworkVersion>.NETCoreApp,Version=v3.1</TargetFrameworkVersion>\r\n    <DesignMode>False</DesignMode>\r\n    <CollectSourceInformation>False</CollectSourceInformation>\r\n  </RunConfiguration>\r\n  <LoggerRunSettings>\r\n    <Loggers>\r\n      <Logger friendlyName=\"blame\" enabled=\"True\" />\r\n      <Logger friendlyName=\"Console\" uri=\"logger://microsoft/TestPlatform/ConsoleLogger/v1\" assemblyQualifiedName=\"Microsoft.VisualStudio.TestPlatform.CommandLine.Internal.ConsoleLogger, vstest.console, Version=15.0.0.0, Culture=neutral, PublicKeyToken=b03f5f7f11d50a3a\" codeBase=\"C:\\Program Files\\dotnet\\sdk\\5.0.201\\vstest.console.dll\" enabled=\"True\" />\r\n    </Loggers>\r\n  </LoggerRunSettings>\r\n  <DataCollectionRunSettings>\r\n    <DataCollectors>\r\n      <DataCollector friendlyName=\"blame\" enabled=\"True\">\r\n        <Configuration>\r\n          <ResultsDirectory>C:\\Users\\Lucas Zoglmann\\Documents\\GitHub\\CS-478\\team4Chess\\uiTesting\\bin\\Debug\\netcoreapp3.1\\fine-code-coverage\\coverage-tool-output</ResultsDirectory>\r\n        </Configuration>\r\n      </DataCollector>\r\n    </DataCollectors>\r\n  </DataCollectionRunSettings>\r\n</RunSettings>","TestExecutionContext":{"FrequencyOfRunStatsChangeEvent":10,"RunStatsChangeEventTimeout":"00:00:01.5000000","InIsolation":false,"KeepAlive":false,"AreTestCaseLevelEventsRequired":false,"IsDebug":false,"TestCaseFilter":null,"FilterOptions":null},"Package":null}}
TpTrace Verbose: 0 : 6316, 14, 2021/11/12, 20:30:37.109, 123180575074, vstest.console.dll, TcpClientExtensions.MessageLoopAsync: NotifyDataAvailable remoteEndPoint: 127.0.0.1:65226 localEndPoint: 127.0.0.1:65224
TpTrace Verbose: 0 : 6316, 14, 2021/11/12, 20:30:37.110, 123180576261, vstest.console.dll, TestRequestSender.OnExecutionMessageReceived: Received message: {"Version":2,"MessageType":"TestSession.Message","Payload":{"MessageLevel":0,"Message":"Logging TestHost Diagnostics in file: C:\\Users\\Lucas Zoglmann\\Documents\\GitHub\\CS-478\\team4Chess\\uiTesting\\bin\\Debug\\netcoreapp3.1\\fine-code-coverage\\coverage-tool-output\\diagnostics.host.21-11-12_20-30-36_50741_4.log"}}
TpTrace Verbose: 0 : 6316, 14, 2021/11/12, 20:30:37.112, 123180596805, vstest.console.dll, TestRunRequest:SendTestRunMessage: Starting.
TpTrace Information: 0 : 6316, 14, 2021/11/12, 20:30:37.112, 123180597709, vstest.console.dll, TestRunRequest:SendTestRunMessage: Completed.
TpTrace Verbose: 0 : 6316, 14, 2021/11/12, 20:30:37.112, 123180598201, vstest.console.dll, TcpClientExtensions.MessageLoopAsync: Polling on remoteEndPoint: 127.0.0.1:65226 localEndPoint: 127.0.0.1:65224
TpTrace Verbose: 0 : 6316, 14, 2021/11/12, 20:30:37.367, 123183154250, vstest.console.dll, TcpClientExtensions.MessageLoopAsync: NotifyDataAvailable remoteEndPoint: 127.0.0.1:65226 localEndPoint: 127.0.0.1:65224
TpTrace Verbose: 0 : 6316, 14, 2021/11/12, 20:30:37.368, 123183156311, vstest.console.dll, TestRequestSender.OnExecutionMessageReceived: Received message: {"Version":2,"MessageType":"TestSession.Message","Payload":{"MessageLevel":0,"Message":"NUnit Adapter 3.16.1.0: Test execution started"}}
TpTrace Verbose: 0 : 6316, 14, 2021/11/12, 20:30:37.368, 123183160411, vstest.console.dll, TestRunRequest:SendTestRunMessage: Starting.
TpTrace Information: 0 : 6316, 14, 2021/11/12, 20:30:37.368, 123183161336, vstest.console.dll, TestRunRequest:SendTestRunMessage: Completed.
TpTrace Verbose: 0 : 6316, 14, 2021/11/12, 20:30:37.368, 123183162060, vstest.console.dll, TcpClientExtensions.MessageLoopAsync: Polling on remoteEndPoint: 127.0.0.1:65226 localEndPoint: 127.0.0.1:65224
TpTrace Verbose: 0 : 6316, 14, 2021/11/12, 20:30:37.378, 123183256171, vstest.console.dll, TcpClientExtensions.MessageLoopAsync: NotifyDataAvailable remoteEndPoint: 127.0.0.1:65226 localEndPoint: 127.0.0.1:65224
TpTrace Verbose: 0 : 6316, 14, 2021/11/12, 20:30:37.378, 123183257247, vstest.console.dll, TestRequestSender.OnExecutionMessageReceived: Received message: {"Version":2,"MessageType":"TestSession.Message","Payload":{"MessageLevel":0,"Message":"Running all tests in C:\\Users\\Lucas Zoglmann\\Documents\\GitHub\\CS-478\\team4Chess\\uiTesting\\bin\\Debug\\netcoreapp3.1\\fine-code-coverage\\build-output\\uiTesting.dll"}}
TpTrace Verbose: 0 : 6316, 14, 2021/11/12, 20:30:37.378, 123183259145, vstest.console.dll, TestRunRequest:SendTestRunMessage: Starting.
TpTrace Information: 0 : 6316, 14, 2021/11/12, 20:30:37.378, 123183259779, vstest.console.dll, TestRunRequest:SendTestRunMessage: Completed.
TpTrace Verbose: 0 : 6316, 14, 2021/11/12, 20:30:37.378, 123183260330, vstest.console.dll, TcpClientExtensions.MessageLoopAsync: Polling on remoteEndPoint: 127.0.0.1:65226 localEndPoint: 127.0.0.1:65224
TpTrace Verbose: 0 : 6316, 14, 2021/11/12, 20:30:37.561, 123185091400, vstest.console.dll, TcpClientExtensions.MessageLoopAsync: NotifyDataAvailable remoteEndPoint: 127.0.0.1:65226 localEndPoint: 127.0.0.1:65224
TpTrace Verbose: 0 : 6316, 14, 2021/11/12, 20:30:37.561, 123185092573, vstest.console.dll, TestRequestSender.OnExecutionMessageReceived: Received message: {"Version":2,"MessageType":"TestSession.Message","Payload":{"MessageLevel":0,"Message":"   NUnit couldn't find any tests in C:\\Users\\Lucas Zoglmann\\Documents\\GitHub\\CS-478\\team4Chess\\uiTesting\\bin\\Debug\\netcoreapp3.1\\fine-code-coverage\\build-output\\uiTesting.dll"}}
TpTrace Verbose: 0 : 6316, 14, 2021/11/12, 20:30:37.561, 123185094578, vstest.console.dll, TestRunRequest:SendTestRunMessage: Starting.
TpTrace Information: 0 : 6316, 14, 2021/11/12, 20:30:37.561, 123185095215, vstest.console.dll, TestRunRequest:SendTestRunMessage: Completed.
TpTrace Verbose: 0 : 6316, 14, 2021/11/12, 20:30:37.562, 123185095592, vstest.console.dll, TcpClientExtensions.MessageLoopAsync: Polling on remoteEndPoint: 127.0.0.1:65226 localEndPoint: 127.0.0.1:65224
TpTrace Verbose: 0 : 6316, 14, 2021/11/12, 20:30:37.562, 123185097708, vstest.console.dll, TcpClientExtensions.MessageLoopAsync: NotifyDataAvailable remoteEndPoint: 127.0.0.1:65226 localEndPoint: 127.0.0.1:65224
TpTrace Verbose: 0 : 6316, 14, 2021/11/12, 20:30:37.562, 123185098546, vstest.console.dll, TestRequestSender.OnExecutionMessageReceived: Received message: {"Version":2,"MessageType":"TestSession.Message","Payload":{"MessageLevel":0,"Message":"NUnit Adapter 3.16.1.0: Test execution complete"}}
TpTrace Verbose: 0 : 6316, 14, 2021/11/12, 20:30:37.562, 123185099856, vstest.console.dll, TestRunRequest:SendTestRunMessage: Starting.
TpTrace Information: 0 : 6316, 14, 2021/11/12, 20:30:37.562, 123185100403, vstest.console.dll, TestRunRequest:SendTestRunMessage: Completed.
TpTrace Verbose: 0 : 6316, 14, 2021/11/12, 20:30:37.562, 123185100845, vstest.console.dll, TcpClientExtensions.MessageLoopAsync: Polling on remoteEndPoint: 127.0.0.1:65226 localEndPoint: 127.0.0.1:65224
TpTrace Verbose: 0 : 6316, 14, 2021/11/12, 20:30:37.569, 123185170016, vstest.console.dll, TcpClientExtensions.MessageLoopAsync: NotifyDataAvailable remoteEndPoint: 127.0.0.1:65226 localEndPoint: 127.0.0.1:65224
TpTrace Verbose: 0 : 6316, 14, 2021/11/12, 20:30:37.569, 123185171886, vstest.console.dll, TestRequestSender.OnExecutionMessageReceived: Received message: {"Version":2,"MessageType":"TestSession.Message","Payload":{"MessageLevel":1,"Message":"No test is available in C:\\Users\\Lucas Zoglmann\\Documents\\GitHub\\CS-478\\team4Chess\\uiTesting\\bin\\Debug\\netcoreapp3.1\\fine-code-coverage\\build-output\\uiTesting.dll. Make sure that test discoverer & executors are registered and platform & framework version settings are appropriate and try again."}}
TpTrace Verbose: 0 : 6316, 14, 2021/11/12, 20:30:37.570, 123185176395, vstest.console.dll, TestRunRequest:SendTestRunMessage: Starting.
TpTrace Information: 0 : 6316, 14, 2021/11/12, 20:30:37.570, 123185177881, vstest.console.dll, TestRunRequest:SendTestRunMessage: Completed.
TpTrace Verbose: 0 : 6316, 14, 2021/11/12, 20:30:37.570, 123185178611, vstest.console.dll, TcpClientExtensions.MessageLoopAsync: Polling on remoteEndPoint: 127.0.0.1:65226 localEndPoint: 127.0.0.1:65224
TpTrace Verbose: 0 : 6316, 14, 2021/11/12, 20:30:37.605, 123185527925, vstest.console.dll, TcpClientExtensions.MessageLoopAsync: NotifyDataAvailable remoteEndPoint: 127.0.0.1:65226 localEndPoint: 127.0.0.1:65224
TpTrace Verbose: 0 : 6316, 14, 2021/11/12, 20:30:37.605, 123185529553, vstest.console.dll, TestRequestSender.OnExecutionMessageReceived: Received message: {"Version":2,"MessageType":"TestExecution.Completed","Payload":{"TestRunCompleteArgs":{"TestRunStatistics":{"ExecutedTests":0,"Stats":{}},"IsCanceled":false,"IsAborted":false,"Error":null,"AttachmentSets":[],"ElapsedTimeInRunningTests":"00:00:00.2214259","Metrics":{}},"LastRunTests":{"NewTestResults":[],"TestRunStatistics":{"ExecutedTests":0,"Stats":{}},"ActiveTests":[]},"RunAttachments":[],"ExecutorUris":[]}}
TpTrace Verbose: 0 : 6316, 14, 2021/11/12, 20:30:37.605, 123185531584, vstest.console.dll, TestRequestSender.EndSession: Sending end session.
TpTrace Verbose: 0 : 6316, 14, 2021/11/12, 20:30:37.605, 123185532741, vstest.console.dll, ProxyOperationManager.Close: waiting for test host to exit for 100 ms
TpTrace Warning: 0 : 6316, 10, 2021/11/12, 20:30:37.638, 123185862360, vstest.console.dll, TestHostManagerCallbacks.ErrorReceivedCallback Test host standard error line: 
TpTrace Verbose: 0 : 6316, 7, 2021/11/12, 20:30:37.647, 123185945801, vstest.console.dll, TestHostProvider.ExitCallBack: Host exited starting callback.
TpTrace Information: 0 : 6316, 7, 2021/11/12, 20:30:37.648, 123185956231, vstest.console.dll, TestHostManagerCallbacks.ExitCallBack: Testhost processId: 17840 exited with exitcode: 0 error: ''
TpTrace Verbose: 0 : 6316, 7, 2021/11/12, 20:30:37.648, 123185957321, vstest.console.dll, DotnetTestHostManager.OnHostExited: invoking OnHostExited callback
TpTrace Verbose: 0 : 6316, 7, 2021/11/12, 20:30:37.648, 123185958133, vstest.console.dll, CrossPlatEngine.TestHostManagerHostExited: calling on client process exit callback.
TpTrace Information: 0 : 6316, 7, 2021/11/12, 20:30:37.648, 123185959026, vstest.console.dll, TestRequestSender.OnClientProcessExit: Test host process exited. Standard error: 
TpTrace Warning: 0 : 6316, 14, 2021/11/12, 20:30:37.648, 123185959451, vstest.console.dll, ProxyOperationManager: Timed out waiting for test host to exit. Will terminate process.
TpTrace Information: 0 : 6316, 7, 2021/11/12, 20:30:37.648, 123185959780, vstest.console.dll, SocketServer.Stop: Stop server endPoint: 127.0.0.1:65224
TpTrace Information: 0 : 6316, 7, 2021/11/12, 20:30:37.648, 123185961609, vstest.console.dll, SocketServer.Stop: Cancellation requested. Stopping message loop.
TpTrace Verbose: 0 : 6316, 14, 2021/11/12, 20:30:37.649, 123185969387, vstest.console.dll, ProxyDataCollectionManager.InvokeDataCollectionServiceAction: Starting.
TpTrace Information: 0 : 6316, 14, 2021/11/12, 20:30:37.649, 123185970572, vstest.console.dll, ProxyDataCollectionManager.AfterTestRunEnd: Get attachment set for datacollector processId: 4136 port: 65221
TpTrace Verbose: 0 : 6316, 14, 2021/11/12, 20:30:37.649, 123185972045, vstest.console.dll, DataCollectionRequestSender.SendAfterTestRunStartAndGetResult : Send AfterTestRunEnd message with isCancelled: False
TpTrace Verbose: 0 : 6316, 14, 2021/11/12, 20:30:37.660, 123186082213, vstest.console.dll, DataCollectionRequestSender.SendAfterTestRunStartAndGetResult : Received message: (DataCollection.AfterTestRunEndResult) -> {
  "AttachmentSets": [],
  "Metrics": {}
}
TpTrace Information: 0 : 6316, 14, 2021/11/12, 20:30:37.665, 123186135034, vstest.console.dll, ProxyDataCollectionManager.InvokeDataCollectionServiceAction: Completed.
TpTrace Warning: 0 : 6316, 9, 2021/11/12, 20:30:37.669, 123186170956, vstest.console.dll, DataCollectionLauncher.ErrorReceivedCallback datacollector standard error line: 
TpTrace Information: 0 : 6316, 7, 2021/11/12, 20:30:37.674, 123186220857, vstest.console.dll, DataCollectionLauncher.ExitCallBack: Data collector exited with exitcode: 0 error: ''
TpTrace Verbose: 0 : 6316, 14, 2021/11/12, 20:30:37.694, 123186420867, vstest.console.dll, TestRunRequest:SendTestRunStatsChange: Starting.
TpTrace Information: 0 : 6316, 14, 2021/11/12, 20:30:37.694, 123186423943, vstest.console.dll, TestRunRequest:SendTestRunStatsChange: Completed.
TpTrace Verbose: 0 : 6316, 14, 2021/11/12, 20:30:37.695, 123186427587, vstest.console.dll, ParallelProxyExecutionManager: HandlePartialRunComplete: Total completed clients = 1, Run complete = True, Run canceled: False.
TpTrace Verbose: 0 : 6316, 14, 2021/11/12, 20:30:37.720, 123186681809, vstest.console.dll, TestRunRequest:TestRunComplete: Starting. IsAborted:False IsCanceled:False.
TpTrace Verbose: 0 : 6316, 14, 2021/11/12, 20:30:37.720, 123186684648, vstest.console.dll, TestLoggerManager.HandleTestRunComplete: Ignoring as the object is disposed.
TpTrace Information: 0 : 6316, 14, 2021/11/12, 20:30:37.722, 123186703182, vstest.console.dll, TestRunRequest:TestRunComplete: Completed.
TpTrace Verbose: 0 : 6316, 1, 2021/11/12, 20:30:37.722, 123186703925, vstest.console.dll, TestRunRequest.Dispose: Starting.
TpTrace Information: 0 : 6316, 1, 2021/11/12, 20:30:37.722, 123186704976, vstest.console.dll, TestRunRequest.Dispose: Completed.
TpTrace Information: 0 : 6316, 1, 2021/11/12, 20:30:37.723, 123186705677, vstest.console.dll, TestRequestManager.RunTests: run tests completed.
TpTrace Verbose: 0 : 6316, 14, 2021/11/12, 20:30:37.722, 123186704100, vstest.console.dll, TestRequestSender.SetOperationComplete: Setting operation complete.
TpTrace Information: 0 : 6316, 1, 2021/11/12, 20:30:37.723, 123186706984, vstest.console.dll, RunTestsArgumentProcessor:Execute: Test run is completed.
TpTrace Information: 0 : 6316, 14, 2021/11/12, 20:30:37.723, 123186707677, vstest.console.dll, SocketServer.Stop: Stop server endPoint: 127.0.0.1:65224
TpTrace Information: 0 : 6316, 14, 2021/11/12, 20:30:37.723, 123186709340, vstest.console.dll, SocketServer.Stop: Cancellation requested. Stopping message loop.
TpTrace Verbose: 0 : 6316, 1, 2021/11/12, 20:30:37.723, 123186710141, vstest.console.dll, Executor.Execute: Exiting with exit code of 0
TpTrace Information: 0 : 6316, 14, 2021/11/12, 20:30:37.723, 123186710157, vstest.console.dll, SocketServer.PrivateStop: Stop server endPoint: 127.0.0.1:65224 error: 
TpTrace Verbose: 0 : 6316, 14, 2021/11/12, 20:30:37.724, 123186718825, vstest.console.dll, LengthPrefixCommunicationChannel.Dispose: Dispose reader and writer.
TpTrace Information: 0 : 6316, 14, 2021/11/12, 20:30:37.724, 123186720480, vstest.console.dll, SocketServer.Stop: Raise disconnected event endPoint: 127.0.0.1:65224 error: 
TpTrace Verbose: 0 : 6316, 14, 2021/11/12, 20:30:37.735, 123186830013, vstest.console.dll, TestRequestSender: OnTestRunAbort: Operation is already complete. Skip error message.
TpTrace Verbose: 0 : 6316, 14, 2021/11/12, 20:30:37.735, 123186831007, vstest.console.dll, TcpClientExtensions.MessageLoopAsync: exiting MessageLoopAsync remoteEndPoint: 127.0.0.1:65226 localEndPoint: 127.0.0.1:65224
